<?xml version="1.0" encoding="UTF-8"?>
<testsuite xmlns:xsi="http://www.w3.org/2001/XMLSchema-instance" xsi:noNamespaceSchemaLocation="https://maven.apache.org/surefire/maven-surefire-plugin/xsd/surefire-test-report.xsd" name="org.apache.maven.artifact.versioning.DefaultArtifactVersionTest" time="0.06" tests="8" errors="0" skipped="0" failures="0">
  <properties>
[...]
</properties>
  <testcase name="testVersionParsing" classname="org.apache.maven.artifact.versioning.DefaultArtifactVersionTest" time="0.006"/>
  <testcase name="testEqualsTypeSafe" classname="org.apache.maven.artifact.versioning.DefaultArtifactVersionTest" time="0.001"/>
  <testcase name="testVersionComparing" classname="org.apache.maven.artifact.versioning.DefaultArtifactVersionTest" time="0.036"/>
  <testcase name="testNonNumericVersionRepresentationReturnsANumberFormatException" classname="org.apache.maven.artifact.versioning.DefaultArtifactVersionTest" time="0.001"/>
  <testcase name="testSnapshotVsReleases" classname="org.apache.maven.artifact.versioning.DefaultArtifactVersionTest" time="0.001"/>
  <testcase name="testVersionSnapshotComparing" classname="org.apache.maven.artifact.versioning.DefaultArtifactVersionTest" time="0.005"/>
  <testcase name="testHashCode" classname="org.apache.maven.artifact.versioning.DefaultArtifactVersionTest" time="0"/>
  <testcase name="testEqualsNullSafe" classname="org.apache.maven.artifact.versioning.DefaultArtifactVersionTest" time="0.001"/>
</testsuite>