<?xml version="1.0" encoding="UTF-8"?>
<testsuite xmlns:xsi="http://www.w3.org/2001/XMLSchema-instance" xsi:noNamespaceSchemaLocation="https://maven.apache.org/surefire/maven-surefire-plugin/xsd/surefire-test-report.xsd" name="org.apache.maven.project.PomConstructionTest" time="7.72" tests="123" errors="0" skipped="0" failures="0">
  <properties>
[...]
</properties>
  <testcase name="testCompleteModelWithParent" classname="org.apache.maven.project.PomConstructionTest" time="0.286"/>
  <testcase name="testErroneousJoiningOfDifferentPluginsWithEqualExecutionIds" classname="org.apache.maven.project.PomConstructionTest" time="0.079"/>
  <testcase name="testPluginConfigurationUsingAttributesWithPluginManagementAndProfile" classname="org.apache.maven.project.PomConstructionTest" time="0.078"/>
  <testcase name="testUrlAppendWithChildPathAdjustment" classname="org.apache.maven.project.PomConstructionTest" time="0.108"/>
  <testcase name="testDuplicateDependenciesCauseLastDeclarationToBePickedInLenientMode" classname="org.apache.maven.project.PomConstructionTest" time="0.056"/>
  <testcase name="testDistributionManagement" classname="org.apache.maven.project.PomConstructionTest" time="0.054"/>
  <testcase name="testValidationErrorUponNonUniqueArtifactRepositoryIdInProfile" classname="org.apache.maven.project.PomConstructionTest" time="0.055"/>
  <testcase name="testInheritedPropertiesInterpolatedWithValuesFromChildWithActiveProfiles" classname="org.apache.maven.project.PomConstructionTest" time="0.142"/>
  <testcase name="testMailingListsAreInheritedButNotAggregated" classname="org.apache.maven.project.PomConstructionTest" time="0.056"/>
  <testcase name="testSingleConfigurationInheritance" classname="org.apache.maven.project.PomConstructionTest" time="0.074"/>
  <testcase name="testPercentEncodedUrlsMustNotBeDecoded" classname="org.apache.maven.project.PomConstructionTest" time="0.052"/>
  <testcase name="testReportingPluginConfig" classname="org.apache.maven.project.PomConstructionTest" time="0.064"/>
  <testcase name="testInterpolationOfBasedirInPomWithUnusualName" classname="org.apache.maven.project.PomConstructionTest" time="0.102"/>
  <testcase name="testDependencyOrderWithPluginManagement" classname="org.apache.maven.project.PomConstructionTest" time="0.05"/>
  <testcase name="testOrderOfMergedPluginExecutionsWithPluginManagement" classname="org.apache.maven.project.PomConstructionTest" time="0.055"/>
  <testcase name="testNonInheritedElementsInSubtreesOverriddenByChild" classname="org.apache.maven.project.PomConstructionTest" time="0.07"/>
  <testcase name="testProfileInjectionOrder" classname="org.apache.maven.project.PomConstructionTest" time="0.095"/>
  <testcase name="testDependencyScopeInheritance" classname="org.apache.maven.project.PomConstructionTest" time="0.078"/>
  <testcase name="testProfilePropertiesInterpolation" classname="org.apache.maven.project.PomConstructionTest" time="0.07"/>
  <testcase name="testOrderOfMergedPluginExecutionGoalsWithoutPluginManagement" classname="org.apache.maven.project.PomConstructionTest" time="0.091"/>
  <testcase name="testThatExecutionsWithoutIdsAreMergedAndTheChildWins" classname="org.apache.maven.project.PomConstructionTest" time="0.063"/>
  <testcase name="testExecutionConfigurationSubcollections" classname="org.apache.maven.project.PomConstructionTest" time="0.047"/>
  <testcase name="testInterpolationWithXmlMarkup" classname="org.apache.maven.project.PomConstructionTest" time="0.059"/>
  <testcase name="testRepoInheritance" classname="org.apache.maven.project.PomConstructionTest" time="0.062"/>
  <testcase name="testInterpolationOfNestedBuildDirectories" classname="org.apache.maven.project.PomConstructionTest" time="0.071"/>
  <testcase name="testOrderOfPluginConfigurationElementsWithPluginManagement" classname="org.apache.maven.project.PomConstructionTest" time="0.074"/>
  <testcase name="testManagedPluginConfigurationAppliesToImplicitPluginsIntroducedByPackaging" classname="org.apache.maven.project.PomConstructionTest" time="0.055"/>
  <testcase name="testMultipleExecutionIds" classname="org.apache.maven.project.PomConstructionTest" time="0.092"/>
  <testcase name="testInterpolationWithBasedirAlignedDirectories" classname="org.apache.maven.project.PomConstructionTest" time="0.047"/>
  <testcase name="testInterpolationWithSystemProperty" classname="org.apache.maven.project.PomConstructionTest" time="0.051"/>
  <testcase name="testPluginManagementInherited" classname="org.apache.maven.project.PomConstructionTest" time="0.073"/>
  <testcase name="testOrderOfPluginExecutionsWithoutPluginManagement" classname="org.apache.maven.project.PomConstructionTest" time="0.052"/>
  <testcase name="testReportingInterpolation" classname="org.apache.maven.project.PomConstructionTest" time="0.054"/>
  <testcase name="testOrderOfGoalsFromPluginExecutionWithoutPluginManagement" classname="org.apache.maven.project.PomConstructionTest" time="0.049"/>
  <testcase name="testProfileModules" classname="org.apache.maven.project.PomConstructionTest" time="0.043"/>
  <testcase name="testPluginExecutionInheritanceWhenChildDoesDeclarePluginAsWell" classname="org.apache.maven.project.PomConstructionTest" time="0.053"/>
  <testcase name="testValidationErrorUponNonUniquePluginRepositoryIdInProfile" classname="org.apache.maven.project.PomConstructionTest" time="0.047"/>
  <testcase name="testUncPath" classname="org.apache.maven.project.PomConstructionTest" time="0.05"/>
  <testcase name="testAppendArtifactIdOfChildToInheritedUrls" classname="org.apache.maven.project.PomConstructionTest" time="0.061"/>
  <testcase name="testValidationErrorUponNonUniqueArtifactRepositoryId" classname="org.apache.maven.project.PomConstructionTest" time="0.049"/>
  <testcase name="testOrderOfMergedPluginDependenciesWithoutPluginManagement" classname="org.apache.maven.project.PomConstructionTest" time="0.05"/>
  <testcase name="testOrderOfPluginExecutionConfigurationElementsWithoutPluginManagement" classname="org.apache.maven.project.PomConstructionTest" time="0.055"/>
  <testcase name="testOrderOfMergedPluginExecutionGoalsWithPluginManagement" classname="org.apache.maven.project.PomConstructionTest" time="0.046"/>
  <testcase name="testConsecutiveEmptyElements" classname="org.apache.maven.project.PomConstructionTest" time="0.049"/>
  <testcase name="testAppendOfInheritedPluginConfigurationWithNoProfile" classname="org.apache.maven.project.PomConstructionTest" time="0.067"/>
  <testcase name="testProfileModuleInheritance" classname="org.apache.maven.project.PomConstructionTest" time="0.057"/>
  <testcase name="testInterpolationOfRfc3986BaseUri" classname="org.apache.maven.project.PomConstructionTest" time="0.076"/>
  <testcase name="testAppendOfInheritedPluginConfigurationWithActiveProfile" classname="org.apache.maven.project.PomConstructionTest" time="0.055"/>
  <testcase name="testErroneousJoiningOfDifferentPluginsWithEqualDependencies" classname="org.apache.maven.project.PomConstructionTest" time="0.061"/>
  <testcase name="testInheritedPropertiesInterpolatedWithValuesFromChildWithoutProfiles" classname="org.apache.maven.project.PomConstructionTest" time="0.061"/>
  <testcase name="testProfilePluginMngDependencies" classname="org.apache.maven.project.PomConstructionTest" time="0.055"/>
  <testcase name="testMultiplePluginExecutionsWithAndWithoutIdsWithoutPluginManagement" classname="org.apache.maven.project.PomConstructionTest" time="0.05"/>
  <testcase name="testDependencyInheritance" classname="org.apache.maven.project.PomConstructionTest" time="0.075"/>
  <testcase name="testManagedProfileDependency" classname="org.apache.maven.project.PomConstructionTest" time="0.077"/>
  <testcase name="testPropertiesInheritance" classname="org.apache.maven.project.PomConstructionTest" time="0.051"/>
  <testcase name="testBuildExtensionInheritance" classname="org.apache.maven.project.PomConstructionTest" time="0.078"/>
  <testcase name="testMergedFilterOrder" classname="org.apache.maven.project.PomConstructionTest" time="0.048"/>
  <testcase name="testPluginInheritanceOrder" classname="org.apache.maven.project.PomConstructionTest" time="0.058"/>
  <testcase name="testPrerequisitesAreNotInherited" classname="org.apache.maven.project.PomConstructionTest" time="0.046"/>
  <testcase name="testInterpolationOfBaseUri" classname="org.apache.maven.project.PomConstructionTest" time="0.043"/>
  <testcase name="testPluginDeclarationsRetainPomOrderAfterInjectionOfDefaultPlugins" classname="org.apache.maven.project.PomConstructionTest" time="0.08"/>
  <testcase name="testCliPropsDominateProjectPropsDuringInterpolation" classname="org.apache.maven.project.PomConstructionTest" time="0.042"/>
  <testcase name="testPluginConfigurationUsingAttributesWithPluginManagement" classname="org.apache.maven.project.PomConstructionTest" time="0.056"/>
  <testcase name="testPluginOrder" classname="org.apache.maven.project.PomConstructionTest" time="0.045"/>
  <testcase name="testBuildDirectoriesUsePlatformSpecificFileSeparator" classname="org.apache.maven.project.PomConstructionTest" time="0.049"/>
  <testcase name="testProfileInjectedDependencies" classname="org.apache.maven.project.PomConstructionTest" time="0.048"/>
  <testcase name="testPluginManagementDependencies" classname="org.apache.maven.project.PomConstructionTest" time="0.045"/>
  <testcase name="testOrderOfMergedPluginExecutionsWithoutPluginManagement" classname="org.apache.maven.project.PomConstructionTest" time="0.059"/>
  <testcase name="testDevelopersAreInheritedButNotAggregated" classname="org.apache.maven.project.PomConstructionTest" time="0.047"/>
  <testcase name="testPropertiesNoDuplication" classname="org.apache.maven.project.PomConstructionTest" time="0.045"/>
  <testcase name="testDuplicateExclusionsDependency" classname="org.apache.maven.project.PomConstructionTest" time="0.069"/>
  <testcase name="testMergeOfPluginExecutionsWhenChildInheritsPluginVersion" classname="org.apache.maven.project.PomConstructionTest" time="0.049"/>
  <testcase name="testXmlTextCoalescing" classname="org.apache.maven.project.PomConstructionTest" time="0.045"/>
  <testcase name="testDefaultPluginsExecutionContributedByPackagingExecuteBeforeUserDefinedExecutions" classname="org.apache.maven.project.PomConstructionTest" time="0.066"/>
  <testcase name="testPomInheritance" classname="org.apache.maven.project.PomConstructionTest" time="0.052"/>
  <testcase name="testMergeOfPluginExecutionsWhenChildAndParentUseDifferentPluginVersions" classname="org.apache.maven.project.PomConstructionTest" time="0.059"/>
  <testcase name="testExecutionConfigurationJoin" classname="org.apache.maven.project.PomConstructionTest" time="0.048"/>
  <testcase name="testXmlWhitespaceHandling" classname="org.apache.maven.project.PomConstructionTest" time="0.049"/>
  <testcase name="testBooleanInterpolation" classname="org.apache.maven.project.PomConstructionTest" time="0.065"/>
  <testcase name="testOrderOfPluginExecutionsWithPluginManagement" classname="org.apache.maven.project.PomConstructionTest" time="0.052"/>
  <testcase name="testPluginConfigurationUsingAttributesWithoutPluginManagement" classname="org.apache.maven.project.PomConstructionTest" time="0.046"/>
  <testcase name="testPluginOrderAfterMergingWithInjectedPlugins" classname="org.apache.maven.project.PomConstructionTest" time="0.087"/>
  <testcase name="testMultipleFilters" classname="org.apache.maven.project.PomConstructionTest" time="0.054"/>
  <testcase name="testPluginOrderAfterMergingWithInheritedPlugins" classname="org.apache.maven.project.PomConstructionTest" time="0.085"/>
  <testcase name="testContributorsAreInheritedButNotAggregated" classname="org.apache.maven.project.PomConstructionTest" time="0.087"/>
  <testcase name="testInterpolationOfLegacyExpressionsThatDontIncludeTheProjectPrefix" classname="org.apache.maven.project.PomConstructionTest" time="0.15"/>
  <testcase name="testPluginExecutionInheritanceWhenChildDoesNotDeclarePlugin" classname="org.apache.maven.project.PomConstructionTest" time="0.11"/>
  <testcase name="testParentInterpolation" classname="org.apache.maven.project.PomConstructionTest" time="0.087"/>
  <testcase name="testPluginInheritanceSimple" classname="org.apache.maven.project.PomConstructionTest" time="0.044"/>
  <testcase name="testProfileDependenciesMultipleProfiles" classname="org.apache.maven.project.PomConstructionTest" time="0.043"/>
  <testcase name="testParentInheritance" classname="org.apache.maven.project.PomConstructionTest" time="0.048"/>
  <testcase name="testFullInterpolationOfNestedExpressions" classname="org.apache.maven.project.PomConstructionTest" time="0.037"/>
  <testcase name="testPluginManagementInheritance" classname="org.apache.maven.project.PomConstructionTest" time="0.049"/>
  <testcase name="testJoiningOfContainersWhenChildHasEmptyElements" classname="org.apache.maven.project.PomConstructionTest" time="0.055"/>
  <testcase name="testCompleteModelWithoutParent" classname="org.apache.maven.project.PomConstructionTest" time="0.063"/>
  <testcase name="testAppendArtifactIdOfParentAndChildToInheritedUrls" classname="org.apache.maven.project.PomConstructionTest" time="0.053"/>
  <testcase name="testValidationErrorUponNonUniquePluginRepositoryId" classname="org.apache.maven.project.PomConstructionTest" time="0.048"/>
  <testcase name="testConfigWithPluginManagement" classname="org.apache.maven.project.PomConstructionTest" time="0.043"/>
  <testcase name="testOrderOfPluginConfigurationElementsWithoutPluginManagement" classname="org.apache.maven.project.PomConstructionTest" time="0.037"/>
  <testcase name="testLicensesAreInheritedButNotAggregated" classname="org.apache.maven.project.PomConstructionTest" time="0.043"/>
  <testcase name="testOrderOfPluginExecutionConfigurationElementsWithPluginManagement" classname="org.apache.maven.project.PomConstructionTest" time="0.04"/>
  <testcase name="testDependencyManagementWithInterpolation" classname="org.apache.maven.project.PomConstructionTest" time="0.043"/>
  <testcase name="testDependencyScope" classname="org.apache.maven.project.PomConstructionTest" time="0.054"/>
  <testcase name="testJdkActivation" classname="org.apache.maven.project.PomConstructionTest" time="0.044"/>
  <testcase name="testProfileDefaultActivation" classname="org.apache.maven.project.PomConstructionTest" time="0.062"/>
  <testcase name="testOrderOfMergedPluginDependenciesWithPluginManagement" classname="org.apache.maven.project.PomConstructionTest" time="0.046"/>
  <testcase name="testOverridingOfInheritedPluginExecutionsWithPluginManagement" classname="org.apache.maven.project.PomConstructionTest" time="0.044"/>
  <testcase name="testProfilePlugins" classname="org.apache.maven.project.PomConstructionTest" time="0.038"/>
  <testcase name="testMergeOfInheritedPluginConfiguration" classname="org.apache.maven.project.PomConstructionTest" time="0.054"/>
  <testcase name="testOverridingOfInheritedPluginExecutionsWithoutPluginManagement" classname="org.apache.maven.project.PomConstructionTest" time="0.067"/>
  <testcase name="testPluginManagementDuplicate" classname="org.apache.maven.project.PomConstructionTest" time="0.067"/>
  <testcase name="testMultiplePluginExecutionsWithAndWithoutIdsWithPluginManagement" classname="org.apache.maven.project.PomConstructionTest" time="0.052"/>
  <testcase name="testOrderOfGoalsFromPluginExecutionWithPluginManagement" classname="org.apache.maven.project.PomConstructionTest" time="0.056"/>
  <testcase name="testEmptyScm" classname="org.apache.maven.project.PomConstructionTest" time="0.086"/>
  <testcase name="testEmptyUrl" classname="org.apache.maven.project.PomConstructionTest" time="0.039"/>
  <testcase name="testProjectArtifactIdIsNotInheritedButMandatory" classname="org.apache.maven.project.PomConstructionTest" time="0.042"/>
  <testcase name="testPomEncoding" classname="org.apache.maven.project.PomConstructionTest" time="0.071"/>
  <testcase name="testPluginConfigProperties" classname="org.apache.maven.project.PomConstructionTest" time="0.049"/>
  <testcase name="testExecutionConfiguration" classname="org.apache.maven.project.PomConstructionTest" time="0.058"/>
  <testcase name="testParentPomPackagingMustBePom" classname="org.apache.maven.project.PomConstructionTest" time="0.079"/>
  <testcase name="testDependencyOrderWithoutPluginManagement" classname="org.apache.maven.project.PomConstructionTest" time="0.084"/>
  <testcase name="testMultipleRepositories" classname="org.apache.maven.project.PomConstructionTest" time="0.1"/>
  <testcase name="testDifferentContainersWithSameId" classname="org.apache.maven.project.PomConstructionTest" time="0.055"/>
</testsuite>