<?xml version="1.0" encoding="UTF-8"?>
<testsuite xmlns:xsi="http://www.w3.org/2001/XMLSchema-instance" xsi:noNamespaceSchemaLocation="https://maven.apache.org/surefire/maven-surefire-plugin/xsd/surefire-test-report.xsd" name="org.apache.maven.repository.legacy.resolver.DefaultArtifactCollectorTest" time="2.08" tests="29" errors="0" skipped="0" failures="0">
  <properties>
[...]
</properties>
  <testcase name="testResolveRuntimeScopeOverProvidedScope" classname="org.apache.maven.repository.legacy.resolver.DefaultArtifactCollectorTest" time="0.11"/>
  <testcase name="testResolveLocalWithNewerVersionButLesserScope" classname="org.apache.maven.repository.legacy.resolver.DefaultArtifactCollectorTest" time="0.067"/>
  <testcase name="testResolveNearestWithRanges" classname="org.apache.maven.repository.legacy.resolver.DefaultArtifactCollectorTest" time="0.042"/>
  <testcase name="testResolveRangeWithManagedVersion" classname="org.apache.maven.repository.legacy.resolver.DefaultArtifactCollectorTest" time="0.152"/>
  <testcase name="testUnboundedRangeAboveLastRelease" classname="org.apache.maven.repository.legacy.resolver.DefaultArtifactCollectorTest" time="0.092"/>
  <testcase name="testResolveLocalNewestIsLocal" classname="org.apache.maven.repository.legacy.resolver.DefaultArtifactCollectorTest" time="0.142"/>
  <testcase name="testOptionalIncludedAtRoot" classname="org.apache.maven.repository.legacy.resolver.DefaultArtifactCollectorTest" time="0.037"/>
  <testcase name="testResolveCompileScopeOverRuntimeScope" classname="org.apache.maven.repository.legacy.resolver.DefaultArtifactCollectorTest" time="0.055"/>
  <testcase name="testResolveLocalOldestIsLocal" classname="org.apache.maven.repository.legacy.resolver.DefaultArtifactCollectorTest" time="0.163"/>
  <testcase name="testTestScopeNotTransitive" classname="org.apache.maven.repository.legacy.resolver.DefaultArtifactCollectorTest" time="0.048"/>
  <testcase name="testResolveRuntimeScopeOverTestScope" classname="org.apache.maven.repository.legacy.resolver.DefaultArtifactCollectorTest" time="0.044"/>
  <testcase name="testResolveCompileScopeOverTestScope" classname="org.apache.maven.repository.legacy.resolver.DefaultArtifactCollectorTest" time="0.061"/>
  <testcase name="testResolveCorrectDependenciesWhenDifferentDependenciesOnNearest" classname="org.apache.maven.repository.legacy.resolver.DefaultArtifactCollectorTest" time="0.054"/>
  <testcase name="testResolveManagedVersion" classname="org.apache.maven.repository.legacy.resolver.DefaultArtifactCollectorTest" time="0.146"/>
  <testcase name="testUnboundedRangeBelowLastRelease" classname="org.apache.maven.repository.legacy.resolver.DefaultArtifactCollectorTest" time="0.149"/>
  <testcase name="testCollectChangesVersionOfOriginatingArtifactIfInDependencyManagementHasDifferentVersion" classname="org.apache.maven.repository.legacy.resolver.DefaultArtifactCollectorTest" time="0.046"/>
  <testcase name="testCompatibleRanges" classname="org.apache.maven.repository.legacy.resolver.DefaultArtifactCollectorTest" time="0.043"/>
  <testcase name="testProvidedScopeNotTransitive" classname="org.apache.maven.repository.legacy.resolver.DefaultArtifactCollectorTest" time="0.047"/>
  <testcase name="testIncompatibleRanges" classname="org.apache.maven.repository.legacy.resolver.DefaultArtifactCollectorTest" time="0.05"/>
  <testcase name="testResolveLocalWithNewerVersionButLesserScopeResolvedFirst" classname="org.apache.maven.repository.legacy.resolver.DefaultArtifactCollectorTest" time="0.048"/>
  <testcase name="testSnapshotNotIncluded" classname="org.apache.maven.repository.legacy.resolver.DefaultArtifactCollectorTest" time="0.044"/>
  <testcase name="testOverConstrainedVersionException" classname="org.apache.maven.repository.legacy.resolver.DefaultArtifactCollectorTest" time="0.044"/>
  <testcase name="testResolveCompileScopeOverProvidedScope" classname="org.apache.maven.repository.legacy.resolver.DefaultArtifactCollectorTest" time="0.049"/>
  <testcase name="testResolveNearestOldestIsNearest" classname="org.apache.maven.repository.legacy.resolver.DefaultArtifactCollectorTest" time="0.04"/>
  <testcase name="testScopeUpdate" classname="org.apache.maven.repository.legacy.resolver.DefaultArtifactCollectorTest" time="0.124"/>
  <testcase name="testUnboundedRangeWhenVersionUnavailable" classname="org.apache.maven.repository.legacy.resolver.DefaultArtifactCollectorTest" time="0.052"/>
  <testcase name="testOptionalNotTransitive" classname="org.apache.maven.repository.legacy.resolver.DefaultArtifactCollectorTest" time="0.046"/>
  <testcase name="testResolveWithFilter" classname="org.apache.maven.repository.legacy.resolver.DefaultArtifactCollectorTest" time="0.034"/>
  <testcase name="testResolveNearestNewestIsNearest" classname="org.apache.maven.repository.legacy.resolver.DefaultArtifactCollectorTest" time="0.035"/>
</testsuite>