<?xml version="1.0" encoding="UTF-8"?>
<testsuite xmlns:xsi="http://www.w3.org/2001/XMLSchema-instance" xsi:noNamespaceSchemaLocation="https://maven.apache.org/surefire/maven-surefire-plugin/xsd/surefire-test-report.xsd" name="org.apache.maven.model.inheritance.DefaultInheritanceAssemblerTest" time="2.57" tests="9" errors="0" skipped="0" failures="0">
  <properties>
[...]
</properties>
  <testcase name="testFlatUrls" classname="org.apache.maven.model.inheritance.DefaultInheritanceAssemblerTest" time="1.319"/>
  <testcase name="testPluginConfiguration" classname="org.apache.maven.model.inheritance.DefaultInheritanceAssemblerTest" time="0.198"/>
  <testcase name="testFlatTrickyUrls" classname="org.apache.maven.model.inheritance.DefaultInheritanceAssemblerTest" time="0.433"/>
  <testcase name="testUrls" classname="org.apache.maven.model.inheritance.DefaultInheritanceAssemblerTest" time="0.172"/>
  <testcase name="testNoAppendUrls" classname="org.apache.maven.model.inheritance.DefaultInheritanceAssemblerTest" time="0.129"/>
  <testcase name="testWithEmptyUrl" classname="org.apache.maven.model.inheritance.DefaultInheritanceAssemblerTest" time="0.064"/>
  <testcase name="testModulePathNotArtifactId" classname="org.apache.maven.model.inheritance.DefaultInheritanceAssemblerTest" time="0.061"/>
  <testcase name="testNoAppendUrls2" classname="org.apache.maven.model.inheritance.DefaultInheritanceAssemblerTest" time="0.097"/>
  <testcase name="testNoAppendUrls3" classname="org.apache.maven.model.inheritance.DefaultInheritanceAssemblerTest" time="0.091"/>
</testsuite>