<?xml version="1.0" encoding="UTF-8"?>
<testsuite xmlns:xsi="http://www.w3.org/2001/XMLSchema-instance" xsi:noNamespaceSchemaLocation="https://maven.apache.org/surefire/maven-surefire-plugin/xsd/surefire-test-report.xsd" name="org.apache.maven.model.validation.DefaultModelValidatorTest" time="0.777" tests="61" errors="0" skipped="0" failures="0">
  <properties>
[...]
</properties>
  <testcase name="testCiFriendlyBad" classname="org.apache.maven.model.validation.DefaultModelValidatorTest" time="0.031"/>
  <testcase name="testCiFriendlyBadSha1Plus" classname="org.apache.maven.model.validation.DefaultModelValidatorTest" time="0.025"/>
  <testcase name="testBadVersion" classname="org.apache.maven.model.validation.DefaultModelValidatorTest" time="0.009"/>
  <testcase name="testDeprecatedDependencyMetaversionsLatestAndRelease" classname="org.apache.maven.model.validation.DefaultModelValidatorTest" time="0.016"/>
  <testcase name="testBadRepositoryId" classname="org.apache.maven.model.validation.DefaultModelValidatorTest" time="0.014"/>
  <testcase name="testCiFriendlyAllExpressions" classname="org.apache.maven.model.validation.DefaultModelValidatorTest" time="0.013"/>
  <testcase name="testMissingPluginDependencyGroupId" classname="org.apache.maven.model.validation.DefaultModelValidatorTest" time="0.021"/>
  <testcase name="testMissingDependencyManagementGroupId" classname="org.apache.maven.model.validation.DefaultModelValidatorTest" time="0.011"/>
  <testcase name="testMissingPluginDependencyVersion" classname="org.apache.maven.model.validation.DefaultModelValidatorTest" time="0.01"/>
  <testcase name="testMissingDependencyExclusionId" classname="org.apache.maven.model.validation.DefaultModelValidatorTest" time="0.016"/>
  <testcase name="testEmptyPluginVersion" classname="org.apache.maven.model.validation.DefaultModelValidatorTest" time="0.013"/>
  <testcase name="testCiFriendlyRevision" classname="org.apache.maven.model.validation.DefaultModelValidatorTest" time="0.01"/>
  <testcase name="testBadDependencyScope" classname="org.apache.maven.model.validation.DefaultModelValidatorTest" time="0.012"/>
  <testcase name="testDuplicateProfileId" classname="org.apache.maven.model.validation.DefaultModelValidatorTest" time="0.019"/>
  <testcase name="testMissingArtifactId" classname="org.apache.maven.model.validation.DefaultModelValidatorTest" time="0.01"/>
  <testcase name="testReservedRepositoryId" classname="org.apache.maven.model.validation.DefaultModelValidatorTest" time="0.009"/>
  <testcase name="testParentVersionRELEASE" classname="org.apache.maven.model.validation.DefaultModelValidatorTest" time="0.008"/>
  <testcase name="testMissingRepositoryId" classname="org.apache.maven.model.validation.DefaultModelValidatorTest" time="0.018"/>
  <testcase name="testDuplicatePluginExecution" classname="org.apache.maven.model.validation.DefaultModelValidatorTest" time="0.013"/>
  <testcase name="testMissingReportPluginVersion" classname="org.apache.maven.model.validation.DefaultModelValidatorTest" time="0.01"/>
  <testcase name="testMissingAll" classname="org.apache.maven.model.validation.DefaultModelValidatorTest" time="0.012"/>
  <testcase name="testBadDependencyManagementScope" classname="org.apache.maven.model.validation.DefaultModelValidatorTest" time="0.014"/>
  <testcase name="testMissingDependencyManagementArtifactId" classname="org.apache.maven.model.validation.DefaultModelValidatorTest" time="0.011"/>
  <testcase name="testBadImportScopeType" classname="org.apache.maven.model.validation.DefaultModelValidatorTest" time="0.012"/>
  <testcase name="testBadDependencyVersion" classname="org.apache.maven.model.validation.DefaultModelValidatorTest" time="0.011"/>
  <testcase name="testMissingPluginArtifactId" classname="org.apache.maven.model.validation.DefaultModelValidatorTest" time="0.012"/>
  <testcase name="testSelfReferencingDependencyInRawModel" classname="org.apache.maven.model.validation.DefaultModelValidatorTest" time="0.015"/>
  <testcase name="testMissingResourceDirectory" classname="org.apache.maven.model.validation.DefaultModelValidatorTest" time="0.007"/>
  <testcase name="testBadPluginDependencyScope" classname="org.apache.maven.model.validation.DefaultModelValidatorTest" time="0.013"/>
  <testcase name="testCiFriendlyChangeList" classname="org.apache.maven.model.validation.DefaultModelValidatorTest" time="0.011"/>
  <testcase name="testCiFriendlySha1" classname="org.apache.maven.model.validation.DefaultModelValidatorTest" time="0.012"/>
  <testcase name="testBadImportScopeClassifier" classname="org.apache.maven.model.validation.DefaultModelValidatorTest" time="0.01"/>
  <testcase name="testEmptyModule" classname="org.apache.maven.model.validation.DefaultModelValidatorTest" time="0.011"/>
  <testcase name="testDuplicateModule" classname="org.apache.maven.model.validation.DefaultModelValidatorTest" time="0.009"/>
  <testcase name="testCiFriendlyBadSha1Plus2" classname="org.apache.maven.model.validation.DefaultModelValidatorTest" time="0.009"/>
  <testcase name="testInvalidVersionInPluginManagement" classname="org.apache.maven.model.validation.DefaultModelValidatorTest" time="0.012"/>
  <testcase name="testHardCodedSystemPath" classname="org.apache.maven.model.validation.DefaultModelValidatorTest" time="0.011"/>
  <testcase name="testDuplicatePlugin" classname="org.apache.maven.model.validation.DefaultModelValidatorTest" time="0.014"/>
  <testcase name="testIncompleteParent" classname="org.apache.maven.model.validation.DefaultModelValidatorTest" time="0.011"/>
  <testcase name="testDistributionManagementStatus" classname="org.apache.maven.model.validation.DefaultModelValidatorTest" time="0.012"/>
  <testcase name="testMissingType" classname="org.apache.maven.model.validation.DefaultModelValidatorTest" time="0.012"/>
  <testcase name="testMissingDependencyGroupId" classname="org.apache.maven.model.validation.DefaultModelValidatorTest" time="0.011"/>
  <testcase name="testInvalidGroupAndArtifactIdInPluginManagement" classname="org.apache.maven.model.validation.DefaultModelValidatorTest" time="0.009"/>
  <testcase name="testSelfReferencingDependencyWithClassifierInRawModel" classname="org.apache.maven.model.validation.DefaultModelValidatorTest" time="0.009"/>
  <testcase name="testBadModelVersion" classname="org.apache.maven.model.validation.DefaultModelValidatorTest" time="0.009"/>
  <testcase name="testMissingDependencyVersion" classname="org.apache.maven.model.validation.DefaultModelValidatorTest" time="0.01"/>
  <testcase name="testMissingGroupId" classname="org.apache.maven.model.validation.DefaultModelValidatorTest" time="0.019"/>
  <testcase name="testMissingVersion" classname="org.apache.maven.model.validation.DefaultModelValidatorTest" time="0.012"/>
  <testcase name="testParentVersionLATEST" classname="org.apache.maven.model.validation.DefaultModelValidatorTest" time="0.014"/>
  <testcase name="testInvalidGroupIdInPluginManagement" classname="org.apache.maven.model.validation.DefaultModelValidatorTest" time="0.011"/>
  <testcase name="testInvalidArtifactIdInPluginManagement" classname="org.apache.maven.model.validation.DefaultModelValidatorTest" time="0.013"/>
  <testcase name="testBadDependencyExclusionId" classname="org.apache.maven.model.validation.DefaultModelValidatorTest" time="0.013"/>
  <testcase name="testMissingDependencyArtifactId" classname="org.apache.maven.model.validation.DefaultModelValidatorTest" time="0.012"/>
  <testcase name="testMissingModelVersion" classname="org.apache.maven.model.validation.DefaultModelValidatorTest" time="0.015"/>
  <testcase name="testSystemPathRefersToProjectBasedir" classname="org.apache.maven.model.validation.DefaultModelValidatorTest" time="0.014"/>
  <testcase name="testInvalidAggregatorPackaging" classname="org.apache.maven.model.validation.DefaultModelValidatorTest" time="0.011"/>
  <testcase name="testBadSnapshotVersion" classname="org.apache.maven.model.validation.DefaultModelValidatorTest" time="0.011"/>
  <testcase name="testInvalidIds" classname="org.apache.maven.model.validation.DefaultModelValidatorTest" time="0.01"/>
  <testcase name="testBadPluginVersion" classname="org.apache.maven.model.validation.DefaultModelValidatorTest" time="0.01"/>
  <testcase name="testBadPluginDependencyVersion" classname="org.apache.maven.model.validation.DefaultModelValidatorTest" time="0.009"/>
  <testcase name="testMissingPluginDependencyArtifactId" classname="org.apache.maven.model.validation.DefaultModelValidatorTest" time="0.01"/>
</testsuite>